2023-05-11 19:04:58,364 - INFO - #############################################
2023-05-11 19:04:58,364 - INFO - #         Processing the request...
2023-05-11 19:04:58,364 - INFO - #############################################
2023-05-11 19:04:58,540 - WARNING - Instance i-086c0c7c39eac5c15 is a Spot Instance. Skipping...
2023-05-11 19:04:58,541 - INFO - #############################################
2023-05-11 19:04:58,541 - INFO - #         Processing the request...
2023-05-11 19:04:58,541 - INFO - #############################################
2023-05-11 19:04:58,649 - WARNING - Instance i-061bbb8a979d1d9db is a Spot Instance. Skipping...
2023-05-11 19:04:58,651 - INFO - #############################################
2023-05-11 19:04:58,651 - INFO - #         Processing the request...
2023-05-11 19:04:58,651 - INFO - #############################################
2023-05-11 19:04:58,796 - INFO - Encrypting volume(s) attached to instance i-0212c08da36161988 (EC2_TW-GDC_PRIVX_STG_MS)...
2023-05-11 19:04:58,797 - INFO - 1. Stopping instance i-0212c08da36161988 (EC2_TW-GDC_PRIVX_STG_MS)...
2023-05-11 19:05:44,399 - INFO - Instance i-0212c08da36161988 stopped.
2023-05-11 19:05:44,478 - INFO - 2. Creating snapshot of volume vol-037323a9c2cfa9de8 (Unknown Name)...
2023-05-11 19:10:00,882 - INFO - Snapshot created: snap-02cb2bc931b9cef98.
2023-05-11 19:10:00,882 - INFO - 3. Copying snapshot snap-02cb2bc931b9cef98 and encrypting it with KMS key (alias/aws/ebs)...
2023-05-11 19:15:02,293 - INFO - Encrypted snapshot created for volume vol-037323a9c2cfa9de8 (Unknown Name): snap-058586cb705bb5bf4.
2023-05-11 19:15:02,293 - INFO - Enabling Fast Snapshot Restore on snap-058586cb705bb5bf4...
2023-05-11 19:15:03,049 - INFO - Unencrypted snapshot previously created for volume vol-037323a9c2cfa9de8 (Unknown Name): snap-02cb2bc931b9cef98 has been deleted.
2023-05-11 19:15:03,049 - INFO - 4. Detaching volume vol-037323a9c2cfa9de8 (Unknown Name) from instance i-0212c08da36161988 (EC2_TW-GDC_PRIVX_STG_MS)...
2023-05-11 19:15:18,434 - INFO - Volume vol-037323a9c2cfa9de8 detached.
2023-05-11 19:15:18,434 - INFO - 5. Creating encrypted volume from snapshot snap-058586cb705bb5bf4...
2023-05-11 19:15:33,886 - INFO - Encrypted volume vol-02a9cc610d83676e2 created.
2023-05-11 19:15:33,886 - INFO - Disabling Fast Snapshot Restore on snap-02cb2bc931b9cef98...
2023-05-11 19:15:34,046 - INFO - 6. Copied existing tags from unencrypted volume vol-037323a9c2cfa9de8 (Unknown Name) to new encrypted volume vol-02a9cc610d83676e2.
2023-05-11 19:15:34,046 - INFO - 7. Attaching new encrypted volume vol-02a9cc610d83676e2 to instance i-0212c08da36161988 (EC2_TW-GDC_PRIVX_STG_MS)...
2023-05-11 19:18:19,872 - INFO - Volume vol-02a9cc610d83676e2 attached to instance i-0212c08da36161988.
2023-05-11 19:18:19,872 - INFO - 8. Starting instance i-0212c08da36161988 (EC2_TW-GDC_PRIVX_STG_MS)...
2023-05-11 19:18:35,578 - INFO - Instance i-0212c08da36161988 started.
2023-05-11 19:18:35,578 - INFO - Encryption process for instance i-0212c08da36161988 (EC2_TW-GDC_PRIVX_STG_MS) completed.
2023-05-11 19:18:35,673 - INFO -
########################################
2023-05-11 19:18:35,673 - INFO - #         Summary information
2023-05-11 19:18:35,673 - INFO - ########################################
2023-05-11 19:18:35,673 - INFO - EC2 Instance i-0212c08da36161988 (EC2_TW-GDC_PRIVX_STG_MS) had 1 volume(s) unencrypted: vol-037323a9c2cfa9de8 (Unknown Name)
2023-05-11 19:18:35,673 - INFO - Processing time: 00:13:36
2023-05-11 19:18:35,673 - INFO - Total Volume Size: 80 GB
2023-05-11 19:18:35,673 - INFO - New volume(s) encrypted: vol-02a9cc610d83676e2 from snapshot snap-058586cb705bb5bf4
2023-05-11 19:18:35,673 - INFO - Instance i-0212c08da36161988 (EC2_TW-GDC_PRIVX_STG_MS) started successfully.
2023-05-11 19:18:35,673 - INFO - Please make sure that all the services hosted on this machine are healthly!
2023-05-11 19:18:35,673 - INFO - ---------------------------------------------
2023-05-11 19:18:35,675 - INFO - #############################################
2023-05-11 19:18:35,675 - INFO - #         Processing the request...
2023-05-11 19:18:35,675 - INFO - #############################################
2023-05-11 19:18:35,931 - INFO - Encrypting volume(s) attached to instance i-0e0d6bf944e5deedf (slaska-privx)...
2023-05-11 19:18:35,931 - INFO - 1. Stopping instance i-0e0d6bf944e5deedf (slaska-privx)...
