2023-05-12 14:43:26,552 - INFO - #############################################
2023-05-12 14:43:26,552 - INFO - #    Instances to be processed :
2023-05-12 14:43:26,552 - INFO - #############################################
2023-05-12 14:43:26,552 - INFO -

2023-05-12 14:43:26,552 - INFO - i-017deca3a95d6e4ad (PRD - sapo45as01) with 2 unencrypted volume(s) :
2023-05-12 14:43:26,552 - INFO -    Volume ID: vol-05575fec5b96a63ff | Volume Name: sapo45as01-usrsap | Size: 100 GB
2023-05-12 14:43:26,552 - INFO -    Volume ID: vol-0e5b2ed2a885ede3d | Volume Name: sapo45as01-root | Size: 100 GB
2023-05-12 14:43:26,552 - INFO - ---------------------------------------------
2023-05-12 14:43:26,552 - INFO - i-0604d3a9c503a41eb (PRD - sapehodb) with 8 unencrypted volume(s) :
2023-05-12 14:43:26,552 - INFO -    Volume ID: vol-078475be678d334f4 | Volume Name: sapehodb-data-01 | Size: 500 GB
2023-05-12 14:43:26,552 - INFO -    Volume ID: vol-0e7c3948f15aeb8cb | Volume Name: sapehodb-log-02 | Size: 300 GB
2023-05-12 14:43:26,552 - INFO -    Volume ID: vol-0d1aaa9a54075cf34 | Volume Name: sapehodb-data-02 | Size: 500 GB
2023-05-12 14:43:26,552 - INFO -    Volume ID: vol-0092b93e82741ca24 | Volume Name: sapehodb-binaries | Size: 100 GB
2023-05-12 14:43:26,552 - INFO -    Volume ID: vol-01f00e33d37c684b2 | Volume Name: sapehodb-shared | Size: 512 GB
2023-05-12 14:43:26,552 - INFO -    Volume ID: vol-0ee4ad8ac7a9a47a1 | Volume Name: sapehodb-log-01 | Size: 300 GB
2023-05-12 14:43:26,552 - INFO -    Volume ID: vol-0dbb0c1667c367cf8 | Volume Name: sapehodb-data-03 | Size: 500 GB
2023-05-12 14:43:26,553 - INFO -    Volume ID: vol-04514819352d0f24f | Volume Name: sapehodb-root | Size: 100 GB
2023-05-12 14:43:26,553 - INFO - ---------------------------------------------
2023-05-12 14:43:26,553 - INFO - i-0ac509fc92b8f73fe (PRD - sapo72as01) with 2 unencrypted volume(s) :
2023-05-12 14:43:26,553 - INFO -    Volume ID: vol-0a23f97f148a773e4 | Volume Name: sapo72as01-usrsap | Size: 100 GB
2023-05-12 14:43:26,553 - INFO -    Volume ID: vol-0cd1f9429a7edfe99 | Volume Name: sapo72as01-root | Size: 100 GB
2023-05-12 14:43:26,553 - INFO - ---------------------------------------------
2023-05-12 14:43:26,553 - INFO - i-09210b770a5a679d0 (PRD - sapo25as01) with 2 unencrypted volume(s) :
2023-05-12 14:43:26,553 - INFO -    Volume ID: vol-017fbba82f8ab4ecd | Volume Name: sapo25as01-usrsap | Size: 100 GB
2023-05-12 14:43:26,553 - INFO -    Volume ID: vol-066075cd799b087de | Volume Name: sapo25as01-root | Size: 100 GB
2023-05-12 14:43:26,553 - INFO - ---------------------------------------------
2023-05-12 14:43:26,553 - INFO - i-0f7ab6059032fe174 (PRD - sapbhodb) with 8 unencrypted volume(s) :
2023-05-12 14:43:26,553 - INFO -    Volume ID: vol-0819475c3c61b52ae | Volume Name: sapbhodb-shared | Size: 300 GB
2023-05-12 14:43:26,553 - INFO -    Volume ID: vol-0644fca8a80655bd5 | Volume Name: sapbhodb-log-02 | Size: 300 GB
2023-05-12 14:43:26,553 - INFO -    Volume ID: vol-0197694164bc8f7f9 | Volume Name: sapbhodb-data-03 | Size: 250 GB
2023-05-12 14:43:26,553 - INFO -    Volume ID: vol-0f12aaa2d977ef5a7 | Volume Name: sapbhodb-log-01 | Size: 300 GB
2023-05-12 14:43:26,553 - INFO -    Volume ID: vol-0c5f48661ca9c52cd | Volume Name: sapbhodb-data-02 | Size: 250 GB
2023-05-12 14:43:26,553 - INFO -    Volume ID: vol-065f353faf043c5f6 | Volume Name: sapbhodb-binaries | Size: 100 GB
2023-05-12 14:43:26,553 - INFO -    Volume ID: vol-04404a52a2c762efe | Volume Name: sapbhodb-data-01 | Size: 250 GB
2023-05-12 14:43:26,553 - INFO -    Volume ID: vol-05b9b69528293c432 | Volume Name: sapbhodb-root | Size: 100 GB
2023-05-12 14:43:26,553 - INFO - ---------------------------------------------
2023-05-12 14:43:26,553 - INFO - i-093f38fc2a85df5d0 (PRD - sapsolman) with 2 unencrypted volume(s) :
2023-05-12 14:43:26,553 - INFO -    Volume ID: vol-07c7d5d5d73c58e42 | Volume Name: sapsolman-root | Size: 50 GB
2023-05-12 14:43:26,553 - INFO -    Volume ID: vol-0d4b832536c81d9bc | Volume Name: sapsolman-swap | Size: 50 GB
2023-05-12 14:43:26,553 - INFO - ---------------------------------------------
2023-05-12 14:43:26,553 - INFO - i-0deebb5e3b05a4584 (PRD - saptbi) with 4 unencrypted volume(s) :
2023-05-12 14:43:26,553 - INFO -    Volume ID: vol-0401dafa95df6ce2a | Volume Name: saptbi-swap | Size: 50 GB
2023-05-12 14:43:26,553 - INFO -    Volume ID: vol-0885cd1b64e529a45 | Volume Name: saptbi-BI4 | Size: 50 GB
2023-05-12 14:43:26,554 - INFO -    Volume ID: vol-0b86abb8f186384db | Volume Name: saptbi-sybase | Size: 60 GB
2023-05-12 14:43:26,554 - INFO -    Volume ID: vol-06b97e0ff2deee42d | Volume Name: saptbi-root | Size: 50 GB
2023-05-12 14:43:26,554 - INFO - ---------------------------------------------
2023-05-12 14:43:26,554 - INFO - i-0192bef5e67a1d6de (k1-cmdb-legacy) with 2 unencrypted volume(s) :
2023-05-12 14:43:26,554 - INFO -    Volume ID: vol-087258b117ea2b9e6 | Volume Name: iKem-xvda | Size: 10 GB
2023-05-12 14:43:26,554 - INFO -    Volume ID: vol-0a3fa60e958650d50 | Volume Name: iKem-root | Size: 20 GB
2023-05-12 14:43:26,554 - INFO - ---------------------------------------------
2023-05-12 14:43:26,554 - INFO - i-0257debe47796698c (PRD - sapo72wd01) with 2 unencrypted volume(s) :
2023-05-12 14:43:26,554 - INFO -    Volume ID: vol-0ebc062450a6dec04 | Volume Name: PRD - WebDispatcher-temp | Size: 50 GB
2023-05-12 14:43:26,554 - INFO -    Volume ID: vol-05486fb49769ff659 | Volume Name: sapo72wd01-sda1 | Size: 50 GB
2023-05-12 14:43:26,554 - INFO - ---------------------------------------------
2023-05-12 14:43:26,554 - INFO - i-00726f154145e2ac7 (ADFS-BE-1) with 2 unencrypted volume(s) :
2023-05-12 14:43:26,554 - INFO -    Volume ID: vol-0aab4ebe27703fc87 | Volume Name: ADFS-BE-1 | Size: 10 GB
2023-05-12 14:43:26,554 - INFO -    Volume ID: vol-08cae97c7f6116101 | Volume Name: ADFS-BE-1 | Size: 60 GB
2023-05-12 14:43:26,554 - INFO - ---------------------------------------------
2023-05-12 14:43:26,554 - INFO - i-0c2d649e025cb9135 (ADFS-MIDDLE-1) with 2 unencrypted volume(s) :
2023-05-12 14:43:26,554 - INFO -    Volume ID: vol-0cf325b757c1e8579 | Volume Name: ADFS-MIDDLE-1 | Size: 20 GB
2023-05-12 14:43:26,554 - INFO -    Volume ID: vol-0b1c43bc8722f8c43 | Volume Name: ADFS-MIDDLE-1 | Size: 60 GB
2023-05-12 14:43:26,554 - INFO - ---------------------------------------------
2023-05-12 14:43:26,554 - INFO - i-0c770b78008518489 (ansible) with 1 unencrypted volume(s) :
2023-05-12 14:43:26,554 - INFO -    Volume ID: vol-085f0d46fa983a25b | Volume Name: temp-ansible | Size: 15 GB
2023-05-12 14:43:26,554 - INFO - ---------------------------------------------
2023-05-12 14:43:26,554 - INFO - i-09e12c5eb40c98712 (DEV - sapt25as01) with 2 unencrypted volume(s) :
2023-05-12 14:43:26,554 - INFO -    Volume ID: vol-022e571326ca31d6b | Volume Name: dev-as-bw-usrsap | Size: 100 GB
2023-05-12 14:43:26,554 - INFO -    Volume ID: vol-02d7b097cf566ff5c | Volume Name: dev-as-bw-root | Size: 100 GB
2023-05-12 14:43:26,554 - INFO - ---------------------------------------------
2023-05-12 14:43:26,554 - INFO - i-0bd96ab473b9ac6a5 (DEV - sapbhtdb) with 8 unencrypted volume(s) :
2023-05-12 14:43:26,555 - INFO -    Volume ID: vol-064417475cf33545f | Volume Name: dev-hana-bw-data-03 | Size: 250 GB
2023-05-12 14:43:26,555 - INFO -    Volume ID: vol-0563403eb5054bb8f | Volume Name: dev-hana-bw-data-01 | Size: 250 GB
2023-05-12 14:43:26,555 - INFO -    Volume ID: vol-00bb80629c51e96b8 | Volume Name: dev-hana-bw-data-02 | Size: 250 GB
2023-05-12 14:43:26,555 - INFO -    Volume ID: vol-0611c78dbc39f6caf | Volume Name: dev-hana-bw-shared | Size: 300 GB
2023-05-12 14:43:26,555 - INFO -    Volume ID: vol-0e9a7c3133c3cedc1 | Volume Name: dev-hana-bw-log-02 | Size: 300 GB
2023-05-12 14:43:26,555 - INFO -    Volume ID: vol-0dd6e871192b4844d | Volume Name: dev-hana-bw-log-01 | Size: 300 GB
2023-05-12 14:43:26,555 - INFO -    Volume ID: vol-0cc156729fcb1c1d9 | Volume Name: dev-hana-bw-binaries | Size: 50 GB
2023-05-12 14:43:26,555 - INFO -    Volume ID: vol-0849b58df8073e4ad | Volume Name: dev-hana-bw-root | Size: 50 GB
2023-05-12 14:43:26,555 - INFO - ---------------------------------------------
2023-05-12 14:43:26,555 - INFO - i-097e0fd31ea7f5edd (DEV - sapt45as01) with 2 unencrypted volume(s) :
2023-05-12 14:43:26,555 - INFO -    Volume ID: vol-04b4787d912b4817b | Volume Name: sapt45as01-usrsap | Size: 100 GB
2023-05-12 14:43:26,555 - INFO -    Volume ID: vol-0f21e018a01cabdc2 | Volume Name: sapt45as01-root | Size: 100 GB
2023-05-12 14:43:26,555 - INFO - ---------------------------------------------
2023-05-12 14:43:26,555 - INFO - i-0ecb0fa0b5584cbe9 (DEV - sapehtdb) with 8 unencrypted volume(s) :
2023-05-12 14:43:26,555 - INFO -    Volume ID: vol-0bb3b7060ae742bbe | Volume Name: dev-hana-ecc-log-02 | Size: 300 GB
2023-05-12 14:43:26,555 - INFO -    Volume ID: vol-04dc7093ffe47cd8e | Volume Name: dev-hana-ecc-log-01 | Size: 300 GB
2023-05-12 14:43:26,555 - INFO -    Volume ID: vol-0e7ca24eb8f083108 | Volume Name: dev-hana-ecc-data-03 | Size: 250 GB
2023-05-12 14:43:26,555 - INFO -    Volume ID: vol-07449af9c76fdf114 | Volume Name: dev-hana-ecc-data-02 | Size: 250 GB
2023-05-12 14:43:26,555 - INFO -    Volume ID: vol-090a211dd9d820c1f | Volume Name: dev-hana-ecc-data-01 | Size: 250 GB
2023-05-12 14:43:26,555 - INFO -    Volume ID: vol-04b14c8c5bdc2b999 | Volume Name: dev-hana-ecc-binaries | Size: 50 GB
2023-05-12 14:43:26,555 - INFO -    Volume ID: vol-07829c24d82dfe521 | Volume Name: dev-hana-ecc-shared | Size: 300 GB
2023-05-12 14:43:26,555 - INFO -    Volume ID: vol-045bc3f07d5fe2e0c | Volume Name: dev-hana-ecc-root | Size: 50 GB
2023-05-12 14:43:26,555 - INFO - ---------------------------------------------
2023-05-12 14:43:26,555 - INFO - i-0dd4980761b77c0df (DEV - sapt72as01) with 2 unencrypted volume(s) :
2023-05-12 14:43:26,555 - INFO -    Volume ID: vol-03996f40e1a5b75db | Volume Name: sapt72as01-usrsap | Size: 100 GB
2023-05-12 14:43:26,555 - INFO -    Volume ID: vol-02849777dc2ce4efb | Volume Name: sapt72as01-root | Size: 100 GB
2023-05-12 14:43:26,555 - INFO - ---------------------------------------------
2023-05-12 14:43:26,556 - INFO - i-03a2b994270258a65 (SDX - saps72as01) with 2 unencrypted volume(s) :
2023-05-12 14:43:26,556 - INFO -    Volume ID: vol-0fae30bad6d51d136 | Volume Name: saps72as01-usrsap | Size: 100 GB
2023-05-12 14:43:26,556 - INFO -    Volume ID: vol-0f48c0fa68c0b5363 | Volume Name: saps72as01-root | Size: 100 GB
2023-05-12 14:43:26,556 - INFO - ---------------------------------------------
2023-05-12 14:43:26,556 - INFO - i-011421808ba77dbf6 (SDX - sapehsdb) with 8 unencrypted volume(s) :
2023-05-12 14:43:26,556 - INFO -    Volume ID: vol-0e64867050f8f5a1a | Volume Name: sapehsdb-binaries | Size: 50 GB
2023-05-12 14:43:26,556 - INFO -    Volume ID: vol-0f947d5e959f4daa4 | Volume Name: sapehsdb-log-02 | Size: 300 GB
2023-05-12 14:43:26,556 - INFO -    Volume ID: vol-0b1ad8f7ffa8b39da | Volume Name: sapehsdb-data-03 | Size: 250 GB
2023-05-12 14:43:26,556 - INFO -    Volume ID: vol-0201fd97e36d1d605 | Volume Name: sapehsdb-data-01 | Size: 250 GB
2023-05-12 14:43:26,556 - INFO -    Volume ID: vol-0fa2e2f8566da760f | Volume Name: sapehsdb-log-01 | Size: 300 GB
2023-05-12 14:43:26,556 - INFO -    Volume ID: vol-06a4a6c02686a4678 | Volume Name: sapehsdb-data-02 | Size: 250 GB
2023-05-12 14:43:26,556 - INFO -    Volume ID: vol-0f6faba60dfa357af | Volume Name: sapehsdb-root | Size: 50 GB
2023-05-12 14:43:26,556 - INFO -    Volume ID: vol-0860aff19032be76b | Volume Name: sapehsdb-shared | Size: 512 GB
2023-05-12 14:43:26,556 - INFO - ---------------------------------------------
2023-05-12 14:43:26,556 - INFO - i-044a258e5380558ee (PRD - sapo72as02) with 2 unencrypted volume(s) :
2023-05-12 14:43:26,556 - INFO -    Volume ID: vol-04daa8510f7f1d649 | Volume Name: sapo72as02-usrsap | Size: 100 GB
2023-05-12 14:43:26,556 - INFO -    Volume ID: vol-0c36d758343201404 | Volume Name: sapo72as02-root | Size: 100 GB
2023-05-12 14:43:26,556 - INFO - ---------------------------------------------
2023-05-12 14:43:26,556 - INFO - i-06ad6a4fa71d965bd (PRD - sapo25as02) with 2 unencrypted volume(s) :
2023-05-12 14:43:26,556 - INFO -    Volume ID: vol-0a9307ceabf49613d | Volume Name: sapo25as02-usrsap | Size: 100 GB
2023-05-12 14:43:26,556 - INFO -    Volume ID: vol-0ce7f1f053bcd1500 | Volume Name: sapo25as02-root | Size: 100 GB
2023-05-12 14:43:26,556 - INFO - ---------------------------------------------
2023-05-12 14:43:26,556 - INFO - i-0484c64914336648e (QAL - sapbhqdb) with 8 unencrypted volume(s) :
2023-05-12 14:43:26,556 - INFO -    Volume ID: vol-0867ea1081108a096 | Volume Name: QAL - sapbhqdb-root (sda1) | Size: 50 GB
2023-05-12 14:43:26,556 - INFO -    Volume ID: vol-016274a4ad9a5440b | Volume Name: sapbhqdb-data /dev/xvde | Size: 350 GB
2023-05-12 14:43:26,556 - INFO -    Volume ID: vol-00481dd692ca25e6d | Volume Name: sapbhqdb-bin /dev/xvdb | Size: 65 GB
2023-05-12 14:43:26,557 - INFO -    Volume ID: vol-021eb6d89f34c3acd | Volume Name: sapbhqdb-data /dev/xvdg | Size: 350 GB
2023-05-12 14:43:26,557 - INFO -    Volume ID: vol-05932b4fb2a902622 | Volume Name: sapbhqdb-log /dev/xvdi | Size: 600 GB
2023-05-12 14:43:26,557 - INFO -    Volume ID: vol-013bf2a90f8a2fe8d | Volume Name: sapbhqdb-data /dev/xvdf | Size: 350 GB
2023-05-12 14:43:26,557 - INFO -    Volume ID: vol-051e222cb5c82074f | Volume Name: sapbhqdb-log /dev/xvdh | Size: 600 GB
2023-05-12 14:43:26,557 - INFO -    Volume ID: vol-023650d06bf1ee978 | Volume Name: sapbhqdb-shared /dev/xvdc | Size: 1024 GB
2023-05-12 14:43:26,557 - INFO - ---------------------------------------------
2023-05-12 14:43:26,557 - INFO - i-03d0fa417e37f3b2b (QAL - sapcsq27) with 5 unencrypted volume(s) :
2023-05-12 14:43:26,557 - INFO -    Volume ID: vol-0d4f86f30fc5df1b9 | Volume Name: QAL - sapq27 - Content Server-maxdbBackup | Size: 900 GB
2023-05-12 14:43:26,557 - INFO -    Volume ID: vol-0ea36d4ffeca0a823 | Volume Name: QAL - sapq27 - Content Server-temp | Size: 50 GB
2023-05-12 14:43:26,557 - INFO -    Volume ID: vol-0a271cba76d709848 | Volume Name: QAL - sapq27 - Content Server-usr | Size: 25 GB
2023-05-12 14:43:26,557 - INFO -    Volume ID: vol-00693e06ef146a8e9 | Volume Name: QAL - sapq27 - Content Server-maxdb | Size: 1190 GB
2023-05-12 14:43:26,557 - INFO -    Volume ID: vol-045b86989bc145a3d | Volume Name: QAL - sapq27 - Content Server-root | Size: 50 GB
2023-05-12 14:43:26,557 - INFO - ---------------------------------------------
2023-05-12 14:43:26,557 - INFO - i-086852bca84630d11 (QAL - sapehqdb) with 8 unencrypted volume(s) :
2023-05-12 14:43:26,557 - INFO -    Volume ID: vol-0a1a31315b068b31a | Volume Name: sapehqdb-root-sda1 | Size: 50 GB
2023-05-12 14:43:26,557 - INFO -    Volume ID: vol-0058c3645b4a7b1d1 | Volume Name: sapehqdb-data-xvdf | Size: 500 GB
2023-05-12 14:43:26,557 - INFO -    Volume ID: vol-0ea8d70d8b8f31c2e | Volume Name: sapehqdb-shared-xvdc | Size: 1024 GB
2023-05-12 14:43:26,557 - INFO -    Volume ID: vol-0159d0e21f3a4dacf | Volume Name: sapehqdb-bin-xvdb | Size: 65 GB
2023-05-12 14:43:26,557 - INFO -    Volume ID: vol-0d9481f15d9e1709b | Volume Name: sapehqdb-data-xvde | Size: 500 GB
2023-05-12 14:43:26,557 - INFO -    Volume ID: vol-050a94f6b974765c9 | Volume Name: sapehqdb-log-xvdi | Size: 600 GB
2023-05-12 14:43:26,557 - INFO -    Volume ID: vol-058cb27851ecda12d | Volume Name: sapehqdb-data-xvdg | Size: 500 GB
2023-05-12 14:43:26,557 - INFO -    Volume ID: vol-04c875b24f9fc1996 | Volume Name: sapehqdb-log-xvdh | Size: 600 GB
2023-05-12 14:43:26,557 - INFO - ---------------------------------------------
2023-05-12 14:43:26,557 - INFO - i-095ca530de118bb25 (PRD - sapcso27) with 5 unencrypted volume(s) :
2023-05-12 14:43:26,557 - INFO -    Volume ID: vol-0fa572a07b00b5bad | Volume Name: PROD - sapo27 - Content Server-usr | Size: 25 GB
2023-05-12 14:43:26,557 - INFO -    Volume ID: vol-0d57ac5dabab43820 | Volume Name: PROD - sapo27 - Content Server-maxdbBackup | Size: 900 GB
2023-05-12 14:43:26,557 - INFO -    Volume ID: vol-0c354f3a86718dba6 | Volume Name: PROD - sapo27 - Content Server-maxdb | Size: 1190 GB
2023-05-12 14:43:26,558 - INFO -    Volume ID: vol-0c5f0f61d51bfa7d7 | Volume Name: PROD - sapo27 - Content Server-temp | Size: 50 GB
2023-05-12 14:43:26,558 - INFO -    Volume ID: vol-016ae669a9705d28c | Volume Name: sapcso27-sda1 | Size: 50 GB
2023-05-12 14:43:26,558 - INFO - ---------------------------------------------
2023-05-12 14:43:26,558 - INFO - i-0df22ec958a2c462f (QAL - sapq25as01) with 2 unencrypted volume(s) :
2023-05-12 14:43:26,558 - INFO -    Volume ID: vol-03c599d202f367da6 | Volume Name: sapq25as01_new-usr/sap | Size: 100 GB
2023-05-12 14:43:26,558 - INFO -    Volume ID: vol-072bdf78d4c540622 | Volume Name: sapq25as01_new-/ | Size: 100 GB
2023-05-12 14:43:26,558 - INFO - ---------------------------------------------
2023-05-12 14:43:26,558 - INFO - i-0b531978cffc84880 (QAL - sapq45as01) with 2 unencrypted volume(s) :
2023-05-12 14:43:26,558 - INFO -    Volume ID: vol-0e5f4ece16c04cf1f | Volume Name: sapq45as01_new-usr/sap | Size: 100 GB
2023-05-12 14:43:26,558 - INFO -    Volume ID: vol-094a579242633cde4 | Volume Name: sapq45as01_new-/ | Size: 100 GB
2023-05-12 14:43:26,558 - INFO - ---------------------------------------------
2023-05-12 14:43:26,558 - INFO - i-0446794758dfe3006 (QAL - sapq72as01) with 2 unencrypted volume(s) :
2023-05-12 14:43:26,558 - INFO -    Volume ID: vol-0e4cce3b55c0df933 | Volume Name: sapq72as01-usr/sap | Size: 100 GB
2023-05-12 14:43:26,558 - INFO -    Volume ID: vol-04f2b0037bb76d15a | Volume Name: sapq72as01-root | Size: 100 GB
2023-05-12 14:43:26,558 - INFO - ---------------------------------------------
2023-05-12 14:43:26,558 - INFO - i-0061dc449d222bb0f (DEV - sapt72wd01) with 2 unencrypted volume(s) :
2023-05-12 14:43:26,558 - INFO -    Volume ID: vol-07aee19dda0d92692 | Volume Name: Dev - WebDispatcher-temp | Size: 50 GB
2023-05-12 14:43:26,558 - INFO -    Volume ID: vol-0e6a5ea7c799d2c9a | Volume Name: sapt72wd01-sda1 | Size: 50 GB
2023-05-12 14:43:26,558 - INFO - ---------------------------------------------
2023-05-12 14:43:26,558 - INFO - i-0d2ff2298ae5fc52e (ADFS-BE-2) with 2 unencrypted volume(s) :
2023-05-12 14:43:26,558 - INFO -    Volume ID: vol-079f19728c8be7d5c | Volume Name: ADFS-BE-2 | Size: 10 GB
2023-05-12 14:43:26,558 - INFO -    Volume ID: vol-09cad1ac1808d715a | Volume Name: ADFS-BE-2 | Size: 60 GB
2023-05-12 14:43:26,558 - INFO - ---------------------------------------------
2023-05-12 14:43:26,558 - INFO - i-0e2e7f083db7fd69c (ADFS-MIDDLE-2) with 2 unencrypted volume(s) :
2023-05-12 14:43:26,558 - INFO -    Volume ID: vol-05b1a8bbf6c836a43 | Volume Name: ADFS-MIDDLE-2 | Size: 60 GB
2023-05-12 14:43:26,558 - INFO -    Volume ID: vol-05d2b23539a0c3234 | Volume Name: ADFS-MIDDLE-2 | Size: 20 GB
2023-05-12 14:43:26,558 - INFO - ---------------------------------------------
2023-05-12 14:43:26,559 - INFO - i-033e3731259c9e704 (docker) with 1 unencrypted volume(s) :
2023-05-12 14:43:26,559 - INFO -    Volume ID: vol-091b0553006ec93ef | Volume Name: docker | Size: 40 GB
2023-05-12 14:43:26,559 - INFO - ---------------------------------------------
2023-05-12 14:43:26,559 - INFO - i-048a0c17cc03eaf94 (SL03D004 - Site Internet) with 2 unencrypted volume(s) :
2023-05-12 14:43:26,559 - INFO -    Volume ID: vol-0b9e49365faaa3104 | Volume Name: SL03D004 - Site Internet | Size: 20 GB
2023-05-12 14:43:26,559 - INFO -    Volume ID: vol-0001b7b3e24c8d76b | Volume Name: SL03D004 - Site Internet | Size: 40 GB
2023-05-12 14:43:26,559 - INFO - ---------------------------------------------
2023-05-12 14:43:26,559 - INFO - i-0ba9adc34209f3353 (prod-linux-bastion) with 1 unencrypted volume(s) :
2023-05-12 14:43:26,559 - INFO -    Volume ID: vol-0f47d1e02d45cb295 | Volume Name: prod-linux-bastion | Size: 8 GB
2023-05-12 14:43:26,559 - INFO - ---------------------------------------------
2023-05-12 14:43:26,559 - INFO - i-060ce1f21bbfaaaed (k1-cmdb) with 2 unencrypted volume(s) :
2023-05-12 14:43:26,559 - INFO -    Volume ID: vol-09f050e84718afac5 | Volume Name: iKem-root | Size: 10 GB
2023-05-12 14:43:26,559 - INFO -    Volume ID: vol-028e8dea5448e1cd2 | Volume Name: iKem-data | Size: 20 GB
2023-05-12 14:43:26,559 - INFO - ---------------------------------------------
2023-05-12 14:43:26,559 - INFO - i-06c4e1d14993b1c28 (SW05E062) with 3 unencrypted volume(s) :
2023-05-12 14:43:26,559 - INFO -    Volume ID: vol-0d5a9e41bb98ea5ec | Volume Name: SW05E062 | Size: 16 GB
2023-05-12 14:43:26,559 - INFO -    Volume ID: vol-0bbd2c3f5b0e65233 | Volume Name: SW05E062 | Size: 250 GB
2023-05-12 14:43:26,559 - INFO -    Volume ID: vol-02ea77c55bad35ed2 | Volume Name: SW05E062 | Size: 80 GB
2023-05-12 14:43:26,559 - INFO - ---------------------------------------------
2023-05-12 14:43:26,559 - INFO - i-0f9f6eb3c390573df (SW05N063) with 2 unencrypted volume(s) :
2023-05-12 14:43:26,559 - INFO -    Volume ID: vol-025876832cb170403 | Volume Name: SW05N063 | Size: 800 GB
2023-05-12 14:43:26,559 - INFO -    Volume ID: vol-057effa224d2eb696 | Volume Name: SW05N063 | Size: 16 GB
2023-05-12 14:43:26,559 - INFO - ---------------------------------------------
2023-05-12 14:43:26,559 - INFO - i-01da232956dd6bfea (DW06D063) with 1 unencrypted volume(s) :
2023-05-12 14:43:26,559 - INFO -    Volume ID: vol-0f112c5131a199ccf | Volume Name: DW06D063-OS | Size: 150 GB
2023-05-12 14:43:26,559 - INFO - ---------------------------------------------
2023-05-12 14:43:26,559 - INFO - i-09f0e6177c8c7f53c (SL07A002) with 3 unencrypted volume(s) :
2023-05-12 14:43:26,559 - INFO -    Volume ID: vol-012482f50cdd48911 | Volume Name: Unknown Name | Size: 120 GB
2023-05-12 14:43:26,559 - INFO -    Volume ID: vol-0e86f12e5678b2b21 | Volume Name: Unknown Name | Size: 80 GB
2023-05-12 14:43:26,560 - INFO -    Volume ID: vol-0b3a3566149066ca1 | Volume Name: Unknown Name | Size: 16 GB
2023-05-12 14:43:26,560 - INFO - ---------------------------------------------
2023-05-12 14:43:26,560 - INFO - i-0f18d40dee5ea6b1f (ec2-cato-vSocket-1) with 1 unencrypted volume(s) :
2023-05-12 14:43:26,560 - INFO -    Volume ID: vol-01d4be0923712c26b | Volume Name: Unknown Name | Size: 16 GB
2023-05-12 14:43:26,560 - INFO - ---------------------------------------------
2023-05-12 14:43:26,560 - INFO - i-0e4e9aed7adf257b8 (ec2-cato-vSocket-2) with 1 unencrypted volume(s) :
2023-05-12 14:43:26,560 - INFO -    Volume ID: vol-0d342bfde571dafa4 | Volume Name: Unknown Name | Size: 16 GB
2023-05-12 14:43:26,560 - INFO - ---------------------------------------------
2023-05-12 14:43:26,560 - INFO - i-0100dd9652004c18b (SW06D024) with 2 unencrypted volume(s) :
2023-05-12 14:43:26,560 - INFO -    Volume ID: vol-07b465bb5f5c84c71 | Volume Name: SW06D024 | Size: 40 GB
2023-05-12 14:43:26,560 - INFO -    Volume ID: vol-00f206f68464115a1 | Volume Name: SW06D024 | Size: 4 GB
2023-05-12 14:43:26,560 - INFO - ---------------------------------------------
2023-05-12 14:43:26,560 - INFO - i-0fa4f43dd59b1166f (SW05G056) with 3 unencrypted volume(s) :
2023-05-12 14:43:26,560 - INFO -    Volume ID: vol-0d52995b01fab45d4 | Volume Name: SW05G056-OS | Size: 250 GB
2023-05-12 14:43:26,560 - INFO -    Volume ID: vol-0f50b0889d5def323 | Volume Name: SW05G056-SWAP | Size: 16 GB
2023-05-12 14:43:26,560 - INFO -    Volume ID: vol-0e94bfb12e19b706b | Volume Name: SW05G056-Data | Size: 2048 GB
2023-05-12 14:43:26,560 - INFO - ---------------------------------------------
2023-05-12 14:43:26,560 - INFO - i-0606c435962758c48 (SW09B005) with 3 unencrypted volume(s) :
2023-05-12 14:43:26,560 - INFO -    Volume ID: vol-0735738b3d1504ff7 | Volume Name: SW09B005-Swap | Size: 24 GB
2023-05-12 14:43:26,560 - INFO -    Volume ID: vol-0a1865c6eeadb0d10 | Volume Name: SW09B005-Data | Size: 100 GB
2023-05-12 14:43:26,560 - INFO -    Volume ID: vol-0a58d4e1d4fa6a1d2 | Volume Name: SW09B005-OS | Size: 90 GB
2023-05-12 14:43:26,560 - INFO - ---------------------------------------------
