2023-05-10 08:18:25,048 - INFO - #############################################
2023-05-10 08:18:25,048 - INFO - #         Processing the request...
2023-05-10 08:18:25,048 - INFO - #############################################
2023-05-10 08:18:25,049 - INFO - Encrypting volume vol-0673e82ddfa1487e1 (Name Unknown) attached to instance i-0a0f73b4d2462bea9 (Staging-Itop-ECS)...
2023-05-10 08:18:25,093 - WARNING - Instance i-0a0f73b4d2462bea9 (Staging-Itop-ECS) is part of an Auto Scaling group or a Spot Instance. Skipping...

2023-05-10 08:18:25,094 - INFO - #############################################
2023-05-10 08:18:25,094 - INFO - #         Processing the request...
2023-05-10 08:18:25,094 - INFO - #############################################
2023-05-10 08:18:25,094 - INFO - Encrypting volume vol-04034656687f0ca94 (bastionES) attached to instance i-0cd9a9490797d6b8a (bastionES)...
2023-05-10 08:18:25,504 - INFO - 1. Stopping instance i-0cd9a9490797d6b8a (bastionES)...
2023-05-10 08:18:55,722 - INFO - Instance i-0cd9a9490797d6b8a (bastionES) stopped.
2023-05-10 08:18:55,722 - INFO - 2. Creating snapshot of vol-04034656687f0ca94...
2023-05-10 08:19:26,073 - INFO - Snapshot created : snap-0e3caf9de2570cf2d.
2023-05-10 08:19:26,121 - INFO - 3. Copying snapshot snap-0e3caf9de2570cf2d and encrypting it with KMS key...
2023-05-10 08:19:26,537 - INFO - Fast Snapshot Restore (FSR) enabled for new snapshot snap-0d56fd818c894c051 in Availability Zone(s) eu-west-1a
2023-05-10 08:23:57,355 - INFO - Encrypted snapshot created for volume vol-04034656687f0ca94: snap-0d56fd818c894c051
2023-05-10 08:23:57,524 - INFO - Unencrypted snapshot previously created for vol-04034656687f0ca94 : snap-0e3caf9de2570cf2d has been deleted.
2023-05-10 08:23:57,780 - INFO - 4. Detaching volume vol-04034656687f0ca94 from instance i-0cd9a9490797d6b8a...
2023-05-10 08:24:12,897 - INFO - Volume vol-04034656687f0ca94 detached
2023-05-10 08:24:13,166 - INFO - 5. Creating encrypted volume vol-0a34efb9fc8d2c28e from snapshot snap-0d56fd818c894c051...
2023-05-10 08:24:28,281 - INFO - Encrypted volume vol-0a34efb9fc8d2c28e created
2023-05-10 08:24:28,339 - INFO - 6. Copied tags from unencrypted volume vol-04034656687f0ca94 to new encrypted volume vol-0a34efb9fc8d2c28e
2023-05-10 08:24:28,674 - INFO - 7. Attaching new encrypted volume vol-0a34efb9fc8d2c28e to instance i-0cd9a9490797d6b8a (bastionES)...
2023-05-10 08:27:14,448 - INFO - Volume vol-0a34efb9fc8d2c28e attached to instance i-0cd9a9490797d6b8a
2023-05-10 08:27:14,717 - INFO - Fast Snapshot Restore (FSR) disabled for snapshot snap-0d56fd818c894c051 in Availability Zone(s) eu-west-1a
2023-05-10 08:27:15,131 - INFO - 8. Starting instance i-0cd9a9490797d6b8a...
2023-05-10 08:27:45,332 - INFO - Instance i-0cd9a9490797d6b8a started.
2023-05-10 08:27:45,332 - INFO - DONE. Encryption process for volume vol-04034656687f0ca94 completed

2023-05-10 08:27:45,332 - INFO - #############################################
2023-05-10 08:27:45,332 - INFO - #         Summary information
2023-05-10 08:27:45,332 - INFO - #############################################
2023-05-10 08:27:45,332 - INFO - Unencrypted volume vol-04034656687f0ca94 attached to i-0cd9a9490797d6b8a (bastionES) has been processed.
2023-05-10 08:27:45,332 - INFO - New volume encrypted : vol-0a34efb9fc8d2c28e from snapshot snap-0d56fd818c894c051.
2023-05-10 08:27:45,332 - INFO - Instance i-0cd9a9490797d6b8a (bastionES) started successfully.
2023-05-10 08:27:45,332 - INFO - Please make sure that all the services hosted on this machine are healthly!
2023-05-10 08:27:45,332 - INFO - ---------------------------------------------
2023-05-10 08:27:45,332 - INFO -
2023-05-10 14:16:21,392 - INFO - #############################################
2023-05-10 14:16:21,393 - INFO - #         Processing the request...
2023-05-10 14:16:21,393 - INFO - #############################################
2023-05-10 14:16:21,393 - INFO - Encrypting volume vol-01014f052db65927e (aws-tw-gdc-eks-staging-eks-dynamic-pvc-1b866937-15fc-467d-9620-0e8d29752bda) attached to instance i-061bbb8a979d1d9db (karpenter.sh/provisioner-name/default)...
2023-05-10 14:16:21,432 - WARNING - Instance i-061bbb8a979d1d9db (karpenter.sh/provisioner-name/default) is part of an Auto Scaling group or a Spot Instance. Skipping...

2023-05-10 14:16:21,432 - INFO - #############################################
2023-05-10 14:16:21,432 - INFO - #         Processing the request...
2023-05-10 14:16:21,432 - INFO - #############################################
2023-05-10 14:16:21,432 - INFO - Encrypting volume vol-0a5fa4f19d1493d35 (aws-tw-gdc-eks-staging-eks-dynamic-pvc-a4dc464c-fb8a-4725-a548-97af7b905e20) attached to instance i-086c0c7c39eac5c15 (karpenter.sh/provisioner-name/default)...
2023-05-10 14:16:21,478 - WARNING - Instance i-086c0c7c39eac5c15 (karpenter.sh/provisioner-name/default) is part of an Auto Scaling group or a Spot Instance. Skipping...

2023-05-10 14:16:21,478 - INFO - #############################################
2023-05-10 14:16:21,479 - INFO - #         Processing the request...
2023-05-10 14:16:21,479 - INFO - #############################################
2023-05-10 14:16:21,479 - INFO - Encrypting volume vol-0673e82ddfa1487e1 (Name Unknown) attached to instance i-0a0f73b4d2462bea9 (Staging-Itop-ECS)...
2023-05-10 14:16:21,519 - WARNING - Instance i-0a0f73b4d2462bea9 (Staging-Itop-ECS) is part of an Auto Scaling group or a Spot Instance. Skipping...

2023-05-10 14:16:21,519 - INFO - #############################################
2023-05-10 14:16:21,519 - INFO - #         Processing the request...
2023-05-10 14:16:21,519 - INFO - #############################################
2023-05-10 14:16:21,519 - INFO - Encrypting volume vol-0efca5a9281013d4e (Name Unknown) attached to instance i-06a720b5cf765c925 (Name Unknown)...
2023-05-10 14:16:21,831 - INFO - 1. Stopping instance i-06a720b5cf765c925 (Name Unknown)...
2023-05-10 14:16:21,888 - INFO - Instance i-06a720b5cf765c925 (Name Unknown) stopped.
2023-05-10 14:16:21,888 - INFO - 2. Creating snapshot of vol-0efca5a9281013d4e...
2023-05-10 14:24:53,725 - INFO - Snapshot created : snap-0fbb28561e3a6a452.
2023-05-10 14:24:53,781 - INFO - 3. Copying snapshot snap-0fbb28561e3a6a452 and encrypting it with KMS key...
2023-05-10 14:24:54,305 - INFO - Fast Snapshot Restore (FSR) enabled for new snapshot snap-097b46b1fe1e6166e in Availability Zone(s) eu-west-1a
2023-05-10 14:29:57,494 - INFO - Encrypted snapshot created for volume vol-0efca5a9281013d4e: snap-097b46b1fe1e6166e
2023-05-10 14:29:57,638 - INFO - Unencrypted snapshot previously created for vol-0efca5a9281013d4e : snap-0fbb28561e3a6a452 has been deleted.
2023-05-10 14:29:57,886 - INFO - 4. Detaching volume vol-0efca5a9281013d4e from instance i-06a720b5cf765c925...
2023-05-10 14:30:13,000 - INFO - Volume vol-0efca5a9281013d4e detached
2023-05-10 14:30:13,250 - INFO - 5. Creating encrypted volume vol-04bc594afb8f978bd from snapshot snap-097b46b1fe1e6166e...
2023-05-10 14:30:28,363 - INFO - Encrypted volume vol-04bc594afb8f978bd created
2023-05-10 14:30:28,420 - INFO - 6. Copied tags from unencrypted volume vol-0efca5a9281013d4e to new encrypted volume vol-04bc594afb8f978bd
2023-05-10 14:30:28,678 - INFO - 7. Attaching new encrypted volume vol-04bc594afb8f978bd to instance i-06a720b5cf765c925 (Name Unknown)...
2023-05-10 14:30:58,859 - INFO - Volume vol-04bc594afb8f978bd attached to instance i-06a720b5cf765c925
2023-05-10 14:30:59,097 - INFO - Fast Snapshot Restore (FSR) disabled for snapshot snap-097b46b1fe1e6166e in Availability Zone(s) eu-west-1a
2023-05-10 14:30:59,496 - INFO - 8. Starting instance i-06a720b5cf765c925...
2023-05-10 14:31:59,885 - INFO - Instance i-06a720b5cf765c925 started.
2023-05-10 14:31:59,885 - INFO - DONE. Encryption process for volume vol-0efca5a9281013d4e completed

2023-05-10 14:31:59,885 - INFO - #############################################
2023-05-10 14:31:59,885 - INFO - #         Summary information
2023-05-10 14:31:59,885 - INFO - #############################################
2023-05-10 14:31:59,885 - INFO - Unencrypted volume vol-0efca5a9281013d4e attached to i-06a720b5cf765c925 (Name Unknown) has been processed.
2023-05-10 14:31:59,885 - INFO - Processing time: 00:15:38
2023-05-10 14:31:59,885 - INFO - Volume Size : 16 GB
2023-05-10 14:31:59,886 - INFO - New volume encrypted : vol-04bc594afb8f978bd from snapshot snap-097b46b1fe1e6166e.
2023-05-10 14:31:59,886 - INFO - Instance i-06a720b5cf765c925 (Name Unknown) started successfully.
2023-05-10 14:31:59,886 - INFO - Please make sure that all the services hosted on this machine are healthly!
2023-05-10 14:31:59,886 - INFO - ---------------------------------------------
2023-05-10 14:31:59,886 - INFO -


2023-05-10 14:42:09,962 - INFO - #############################################
2023-05-10 14:42:09,962 - INFO - #         Processing the request...
2023-05-10 14:42:09,962 - INFO - #############################################
2023-05-10 14:42:09,962 - INFO - Encrypting volume vol-01014f052db65927e (aws-tw-gdc-eks-staging-eks-dynamic-pvc-1b866937-15fc-467d-9620-0e8d29752bda) attached to instance i-061bbb8a979d1d9db (karpenter.sh/provisioner-name/default)...
2023-05-10 14:42:10,009 - WARNING - Instance i-061bbb8a979d1d9db (karpenter.sh/provisioner-name/default) is part of an Auto Scaling group or a Spot Instance. Skipping...

2023-05-10 14:42:10,009 - INFO - #############################################
2023-05-10 14:42:10,009 - INFO - #         Processing the request...
2023-05-10 14:42:10,009 - INFO - #############################################
2023-05-10 14:42:10,009 - INFO - Encrypting volume vol-0a5fa4f19d1493d35 (aws-tw-gdc-eks-staging-eks-dynamic-pvc-a4dc464c-fb8a-4725-a548-97af7b905e20) attached to instance i-086c0c7c39eac5c15 (karpenter.sh/provisioner-name/default)...
2023-05-10 14:42:10,070 - WARNING - Instance i-086c0c7c39eac5c15 (karpenter.sh/provisioner-name/default) is part of an Auto Scaling group or a Spot Instance. Skipping...

2023-05-10 14:42:10,070 - INFO - #############################################
2023-05-10 14:42:10,070 - INFO - #         Processing the request...
2023-05-10 14:42:10,070 - INFO - #############################################
2023-05-10 14:42:10,070 - INFO - Encrypting volume vol-0673e82ddfa1487e1 (Name Unknown) attached to instance i-0a0f73b4d2462bea9 (Staging-Itop-ECS)...
2023-05-10 14:42:10,117 - WARNING - Instance i-0a0f73b4d2462bea9 (Staging-Itop-ECS) is part of an Auto Scaling group or a Spot Instance. Skipping...

2023-05-10 14:42:10,118 - INFO - #############################################
2023-05-10 14:42:10,118 - INFO - #         Processing the request...
2023-05-10 14:42:10,118 - INFO - #############################################
2023-05-10 14:42:10,118 - INFO - Encrypting volume vol-0f50e8fb8f622749f (None) attached to instance i-01434ba5c6bef230d (None)...
2023-05-10 14:42:10,447 - INFO - 1. Stopping instance i-01434ba5c6bef230d (None)...
2023-05-10 14:42:10,560 - INFO - Instance i-01434ba5c6bef230d (None) stopped.
2023-05-10 14:42:10,560 - INFO - 2. Creating snapshot of vol-0f50e8fb8f622749f...
2023-05-10 14:42:25,826 - INFO - Snapshot created : snap-0be246c3a0e6094db.
2023-05-10 14:42:25,866 - INFO - 3. Copying snapshot snap-0be246c3a0e6094db and encrypting it with KMS key...
2023-05-10 14:42:26,224 - INFO - Fast Snapshot Restore (FSR) enabled for new snapshot snap-0ec3552872ef31b89 in Availability Zone(s) eu-west-1a
2023-05-10 14:46:26,948 - INFO - Encrypted snapshot created for volume vol-0f50e8fb8f622749f: snap-0ec3552872ef31b89
2023-05-10 14:46:27,141 - INFO - Unencrypted snapshot previously created for vol-0f50e8fb8f622749f : snap-0be246c3a0e6094db has been deleted.
2023-05-10 14:46:27,379 - INFO - 4. Detaching volume vol-0f50e8fb8f622749f from instance i-01434ba5c6bef230d...
2023-05-10 14:46:42,489 - INFO - Volume vol-0f50e8fb8f622749f detached
2023-05-10 14:46:42,802 - INFO - 5. Creating encrypted volume vol-08c7681e9eb3c0b2b from snapshot snap-0ec3552872ef31b89...
2023-05-10 14:46:57,928 - INFO - Encrypted volume vol-08c7681e9eb3c0b2b created
2023-05-10 14:46:57,985 - INFO - 6. Copied tags from unencrypted volume vol-0f50e8fb8f622749f to new encrypted volume vol-08c7681e9eb3c0b2b
2023-05-10 14:46:58,320 - INFO - 7. Attaching new encrypted volume vol-08c7681e9eb3c0b2b to instance i-01434ba5c6bef230d (None)...
2023-05-10 14:47:28,494 - INFO - Volume vol-08c7681e9eb3c0b2b attached to instance i-01434ba5c6bef230d
2023-05-10 14:47:28,667 - INFO - Fast Snapshot Restore (FSR) disabled for snapshot snap-0ec3552872ef31b89 in Availability Zone(s) eu-west-1a
2023-05-10 14:47:29,093 - INFO - 8. Starting instance i-01434ba5c6bef230d...
2023-05-10 14:47:59,358 - INFO - Instance i-01434ba5c6bef230d started.
2023-05-10 14:47:59,358 - INFO - DONE. Encryption process for volume vol-0f50e8fb8f622749f completed

2023-05-10 14:47:59,358 - INFO - #############################################
2023-05-10 14:47:59,358 - INFO - #         Summary information
2023-05-10 14:47:59,358 - INFO - #############################################
2023-05-10 14:47:59,358 - INFO - Unencrypted volume vol-0f50e8fb8f622749f attached to i-01434ba5c6bef230d (None) has been processed.
2023-05-10 14:47:59,358 - INFO - Processing time: 00:05:49
2023-05-10 14:47:59,358 - INFO - Volume Size : 8 GB
2023-05-10 14:47:59,358 - INFO - New volume encrypted : vol-08c7681e9eb3c0b2b from snapshot snap-0ec3552872ef31b89.
2023-05-10 14:47:59,358 - INFO - Instance i-01434ba5c6bef230d (None) started successfully.
2023-05-10 14:47:59,359 - INFO - Please make sure that all the services hosted on this machine are healthly!
2023-05-10 14:47:59,359 - INFO - ---------------------------------------------
2023-05-10 14:47:59,359 - INFO -
